Copyright 1986-2022 Xilinx, Inc. All Rights Reserved.
--------------------------------------------------------------------------------------------------------------------------------------------------------------------
| Tool Version : Vivado v.2022.1 (lin64) Build 3526262 Mon Apr 18 15:47:01 MDT 2022
| Date         : Tue Mar 26 17:43:24 2024
| Host         : pls-work-iv running 64-bit Ubuntu 20.04.6 LTS
| Command      : report_methodology -file system_top_methodology_drc_routed.rpt -pb system_top_methodology_drc_routed.pb -rpx system_top_methodology_drc_routed.rpx
| Design       : system_top
| Device       : xc7z010clg225-1
| Speed File   : -1
| Design State : Fully Routed
--------------------------------------------------------------------------------------------------------------------------------------------------------------------

Report Methodology

Table of Contents
-----------------
1. REPORT SUMMARY
2. REPORT DETAILS

1. REPORT SUMMARY
-----------------
            Netlist: netlist
          Floorplan: checkpoint_system_top
      Design limits: <entire design considered>
             Max violations: <unlimited>
             Violations found: 49
+-----------+------------------+-------------------------------------------------------------------------------------+------------+
| Rule      | Severity         | Description                                                                         | Violations |
+-----------+------------------+-------------------------------------------------------------------------------------+------------+
| TIMING-54 | Critical Warning | Scoped false path, clock group or max delay datapath only constraint between clocks | 5          |
| TIMING-9  | Warning          | Unknown CDC Logic                                                                   | 1          |
| TIMING-18 | Warning          | Missing input or output delay                                                       | 34         |
| ULMTCS-1  | Warning          | Control Sets use limits recommend reduction                                         | 1          |
| XDCB-5    | Warning          | Runtime inefficient way to find pin objects                                         | 4          |
| RTGT-1    | Advisory         | RAM retargeting possibility                                                         | 4          |
+-----------+------------------+-------------------------------------------------------------------------------------+------------+

2. REPORT DETAILS
-----------------
TIMING-54#1 Critical Warning
Scoped false path, clock group or max delay datapath only constraint between clocks  
A scoped Max Delay Datapath Only timing constraint is set between clocks clk_fpga_0 and rx_clk (see constraint position 35 in the Timing Constraint window in Vivado IDE). It is not recommended to define such scoped constraints between clocks as the constraint impacts timing paths outside of the scope.
Related violations: <none>

TIMING-54#2 Critical Warning
Scoped false path, clock group or max delay datapath only constraint between clocks  
A scoped Max Delay Datapath Only timing constraint is set between clocks clk_fpga_0 and rx_clk (see constraint position 39 in the Timing Constraint window in Vivado IDE). It is not recommended to define such scoped constraints between clocks as the constraint impacts timing paths outside of the scope.
Related violations: <none>

TIMING-54#3 Critical Warning
Scoped false path, clock group or max delay datapath only constraint between clocks  
A scoped Max Delay Datapath Only timing constraint is set between clocks clk_fpga_0 and rx_clk (see constraint position 54 in the Timing Constraint window in Vivado IDE). It is not recommended to define such scoped constraints between clocks as the constraint impacts timing paths outside of the scope.
Related violations: <none>

TIMING-54#4 Critical Warning
Scoped false path, clock group or max delay datapath only constraint between clocks  
A scoped Max Delay Datapath Only timing constraint is set between clocks rx_clk and clk_fpga_0 (see constraint position 57 in the Timing Constraint window in Vivado IDE). It is not recommended to define such scoped constraints between clocks as the constraint impacts timing paths outside of the scope.
Related violations: <none>

TIMING-54#5 Critical Warning
Scoped false path, clock group or max delay datapath only constraint between clocks  
A scoped Max Delay Datapath Only timing constraint is set between clocks rx_clk and clk_fpga_0 (see constraint position 64 in the Timing Constraint window in Vivado IDE). It is not recommended to define such scoped constraints between clocks as the constraint impacts timing paths outside of the scope.
Related violations: <none>

TIMING-9#1 Warning
Unknown CDC Logic  
One or more asynchronous Clock Domain Crossing has been detected between 2 clock domains through a set_false_path or a set_clock_groups or set_max_delay -datapath_only constraint but no double-registers logic synchronizer has been found on the side of the capture clock. It is recommended to run report_cdc for a complete and detailed CDC coverage. Please consider using XPM_CDC to avoid Critical severities
Related violations: <none>

TIMING-18#1 Warning
Missing input or output delay  
An input delay is missing on iic_scl relative to clock(s) clk_fpga_0
Related violations: <none>

TIMING-18#2 Warning
Missing input or output delay  
An input delay is missing on iic_sda relative to clock(s) clk_fpga_0
Related violations: <none>

TIMING-18#3 Warning
Missing input or output delay  
An input delay is missing on pl_spi_miso relative to clock(s) clk_fpga_0
Related violations: <none>

TIMING-18#4 Warning
Missing input or output delay  
An input delay is missing on rx_data_in[0] relative to clock(s) rx_clk
Related violations: <none>

TIMING-18#5 Warning
Missing input or output delay  
An input delay is missing on rx_data_in[10] relative to clock(s) rx_clk
Related violations: <none>

TIMING-18#6 Warning
Missing input or output delay  
An input delay is missing on rx_data_in[11] relative to clock(s) rx_clk
Related violations: <none>

TIMING-18#7 Warning
Missing input or output delay  
An input delay is missing on rx_data_in[1] relative to clock(s) rx_clk
Related violations: <none>

TIMING-18#8 Warning
Missing input or output delay  
An input delay is missing on rx_data_in[2] relative to clock(s) rx_clk
Related violations: <none>

TIMING-18#9 Warning
Missing input or output delay  
An input delay is missing on rx_data_in[3] relative to clock(s) rx_clk
Related violations: <none>

TIMING-18#10 Warning
Missing input or output delay  
An input delay is missing on rx_data_in[4] relative to clock(s) rx_clk
Related violations: <none>

TIMING-18#11 Warning
Missing input or output delay  
An input delay is missing on rx_data_in[5] relative to clock(s) rx_clk
Related violations: <none>

TIMING-18#12 Warning
Missing input or output delay  
An input delay is missing on rx_data_in[6] relative to clock(s) rx_clk
Related violations: <none>

TIMING-18#13 Warning
Missing input or output delay  
An input delay is missing on rx_data_in[7] relative to clock(s) rx_clk
Related violations: <none>

TIMING-18#14 Warning
Missing input or output delay  
An input delay is missing on rx_data_in[8] relative to clock(s) rx_clk
Related violations: <none>

TIMING-18#15 Warning
Missing input or output delay  
An input delay is missing on rx_data_in[9] relative to clock(s) rx_clk
Related violations: <none>

TIMING-18#16 Warning
Missing input or output delay  
An input delay is missing on rx_frame_in relative to clock(s) rx_clk
Related violations: <none>

TIMING-18#17 Warning
Missing input or output delay  
An output delay is missing on enable relative to clock(s) rx_clk
Related violations: <none>

TIMING-18#18 Warning
Missing input or output delay  
An output delay is missing on pl_spi_clk_o relative to clock(s) clk_fpga_0
Related violations: <none>

TIMING-18#19 Warning
Missing input or output delay  
An output delay is missing on pl_spi_mosi relative to clock(s) clk_fpga_0
Related violations: <none>

TIMING-18#20 Warning
Missing input or output delay  
An output delay is missing on tx_clk_out relative to clock(s) rx_clk
Related violations: <none>

TIMING-18#21 Warning
Missing input or output delay  
An output delay is missing on tx_data_out[0] relative to clock(s) rx_clk
Related violations: <none>

TIMING-18#22 Warning
Missing input or output delay  
An output delay is missing on tx_data_out[10] relative to clock(s) rx_clk
Related violations: <none>

TIMING-18#23 Warning
Missing input or output delay  
An output delay is missing on tx_data_out[11] relative to clock(s) rx_clk
Related violations: <none>

TIMING-18#24 Warning
Missing input or output delay  
An output delay is missing on tx_data_out[1] relative to clock(s) rx_clk
Related violations: <none>

TIMING-18#25 Warning
Missing input or output delay  
An output delay is missing on tx_data_out[2] relative to clock(s) rx_clk
Related violations: <none>

TIMING-18#26 Warning
Missing input or output delay  
An output delay is missing on tx_data_out[3] relative to clock(s) rx_clk
Related violations: <none>

TIMING-18#27 Warning
Missing input or output delay  
An output delay is missing on tx_data_out[4] relative to clock(s) rx_clk
Related violations: <none>

TIMING-18#28 Warning
Missing input or output delay  
An output delay is missing on tx_data_out[5] relative to clock(s) rx_clk
Related violations: <none>

TIMING-18#29 Warning
Missing input or output delay  
An output delay is missing on tx_data_out[6] relative to clock(s) rx_clk
Related violations: <none>

TIMING-18#30 Warning
Missing input or output delay  
An output delay is missing on tx_data_out[7] relative to clock(s) rx_clk
Related violations: <none>

TIMING-18#31 Warning
Missing input or output delay  
An output delay is missing on tx_data_out[8] relative to clock(s) rx_clk
Related violations: <none>

TIMING-18#32 Warning
Missing input or output delay  
An output delay is missing on tx_data_out[9] relative to clock(s) rx_clk
Related violations: <none>

TIMING-18#33 Warning
Missing input or output delay  
An output delay is missing on tx_frame_out relative to clock(s) rx_clk
Related violations: <none>

TIMING-18#34 Warning
Missing input or output delay  
An output delay is missing on txnrx relative to clock(s) rx_clk
Related violations: <none>

ULMTCS-1#1 Warning
Control Sets use limits recommend reduction  
This design uses 442 control sets (vs. available limit of 4400, determined by 1 control set per CLB). This exceeds the control set use guideline of 7.5 percent. This is at a level where reduction is RECOMMENDED (see UG949). Use report_control_sets to get more details.
Related violations: <none>

XDCB-5#1 Warning
Runtime inefficient way to find pin objects  
The option '-to : [get_pins -quiet -hier *reset_sync_in_reg*/PRE -filter {NAME =~ *i_reset_manager*}]' of constraint 'set_false_path' uses inefficient query to find pin objects (see constraint position '42' in the Timing Constraint window in Vivado IDE). To reduce runtime, it is recommended to get the pins through the cell objects. Please refer to Using Constraints Guide (Constraints Efficiency). An example of optimal query is: get_pins -filter {REF_PIN_NAME=~yy*} -of_objects [get_cells -hierarchical xx*].
Current XDC: /home/hicksze1/Pluto-PYNQ/Pluto/base/system/pluto.gen/sources_1/bd/system/ip/system_axi_ad9361_dac_dma_0/system_axi_ad9361_dac_dma_0_constr.xdc (Line: 131)
Related violations: <none>

XDCB-5#2 Warning
Runtime inefficient way to find pin objects  
The option '-to : [get_pins -quiet -hier *reset_sync_in_reg*/PRE -filter {NAME =~ *i_reset_manager*}]' of constraint 'set_false_path' uses inefficient query to find pin objects (see constraint position '43' in the Timing Constraint window in Vivado IDE). To reduce runtime, it is recommended to get the pins through the cell objects. Please refer to Using Constraints Guide (Constraints Efficiency). An example of optimal query is: get_pins -filter {REF_PIN_NAME=~yy*} -of_objects [get_cells -hierarchical xx*].
Current XDC: /home/hicksze1/Pluto-PYNQ/Pluto/base/system/pluto.gen/sources_1/bd/system/ip/system_axi_ad9361_dac_dma_0/system_axi_ad9361_dac_dma_0_constr.xdc (Line: 137)
Related violations: <none>

XDCB-5#3 Warning
Runtime inefficient way to find pin objects  
The option '-to : [get_pins -quiet -hier *reset_sync_in_reg*/PRE -filter {NAME =~ *i_reset_manager*}]' of constraint 'set_false_path' uses inefficient query to find pin objects (see constraint position '67' in the Timing Constraint window in Vivado IDE). To reduce runtime, it is recommended to get the pins through the cell objects. Please refer to Using Constraints Guide (Constraints Efficiency). An example of optimal query is: get_pins -filter {REF_PIN_NAME=~yy*} -of_objects [get_cells -hierarchical xx*].
Current XDC: /home/hicksze1/Pluto-PYNQ/Pluto/base/system/pluto.gen/sources_1/bd/system/ip/system_axi_ad9361_adc_dma_0/system_axi_ad9361_adc_dma_0_constr.xdc (Line: 167)
Related violations: <none>

XDCB-5#4 Warning
Runtime inefficient way to find pin objects  
The option '-to : [get_pins -quiet -hier *reset_sync_in_reg*/PRE -filter {NAME =~ *i_reset_manager*}]' of constraint 'set_false_path' uses inefficient query to find pin objects (see constraint position '68' in the Timing Constraint window in Vivado IDE). To reduce runtime, it is recommended to get the pins through the cell objects. Please refer to Using Constraints Guide (Constraints Efficiency). An example of optimal query is: get_pins -filter {REF_PIN_NAME=~yy*} -of_objects [get_cells -hierarchical xx*].
Current XDC: /home/hicksze1/Pluto-PYNQ/Pluto/base/system/pluto.gen/sources_1/bd/system/ip/system_axi_ad9361_adc_dma_0/system_axi_ad9361_adc_dma_0_constr.xdc (Line: 173)
Related violations: <none>

RTGT-1#1 Advisory
RAM retargeting possibility  
Identified 12 RAM32X1D primitives that could be retargeted to RAM32M. Retargeting will save approximately 4 memory LUTs and improve routability. These can usually be achieved using synthesis inference or XPMs. The memories are i_system_wrapper/system_i/rx_fir_decimator/fir_decimation_0/U0/i_synth/g_polyphase_decimation.i_polyphase_decimation/g_parallel.g_paths[0].g_symmetric.i_data_wrap_buff/i_phase_mem/gen_dram.ram_reg_0_15_0_0,
i_system_wrapper/system_i/rx_fir_decimator/fir_decimation_0/U0/i_synth/g_polyphase_decimation.i_polyphase_decimation/g_parallel.g_paths[0].g_symmetric.i_data_wrap_buff/i_phase_mem/gen_dram.ram_reg_0_15_10_10,
i_system_wrapper/system_i/rx_fir_decimator/fir_decimation_0/U0/i_synth/g_polyphase_decimation.i_polyphase_decimation/g_parallel.g_paths[0].g_symmetric.i_data_wrap_buff/i_phase_mem/gen_dram.ram_reg_0_15_11_11,
i_system_wrapper/system_i/rx_fir_decimator/fir_decimation_0/U0/i_synth/g_polyphase_decimation.i_polyphase_decimation/g_parallel.g_paths[0].g_symmetric.i_data_wrap_buff/i_phase_mem/gen_dram.ram_reg_0_15_12_12,
i_system_wrapper/system_i/rx_fir_decimator/fir_decimation_0/U0/i_synth/g_polyphase_decimation.i_polyphase_decimation/g_parallel.g_paths[0].g_symmetric.i_data_wrap_buff/i_phase_mem/gen_dram.ram_reg_0_15_13_13,
i_system_wrapper/system_i/rx_fir_decimator/fir_decimation_0/U0/i_synth/g_polyphase_decimation.i_polyphase_decimation/g_parallel.g_paths[0].g_symmetric.i_data_wrap_buff/i_phase_mem/gen_dram.ram_reg_0_15_14_14,
i_system_wrapper/system_i/rx_fir_decimator/fir_decimation_0/U0/i_synth/g_polyphase_decimation.i_polyphase_decimation/g_parallel.g_paths[0].g_symmetric.i_data_wrap_buff/i_phase_mem/gen_dram.ram_reg_0_15_15_15,
i_system_wrapper/system_i/rx_fir_decimator/fir_decimation_0/U0/i_synth/g_polyphase_decimation.i_polyphase_decimation/g_parallel.g_paths[0].g_symmetric.i_data_wrap_buff/i_phase_mem/gen_dram.ram_reg_0_15_1_1,
i_system_wrapper/system_i/rx_fir_decimator/fir_decimation_0/U0/i_synth/g_polyphase_decimation.i_polyphase_decimation/g_parallel.g_paths[0].g_symmetric.i_data_wrap_buff/i_phase_mem/gen_dram.ram_reg_0_15_2_2,
i_system_wrapper/system_i/rx_fir_decimator/fir_decimation_0/U0/i_synth/g_polyphase_decimation.i_polyphase_decimation/g_parallel.g_paths[0].g_symmetric.i_data_wrap_buff/i_phase_mem/gen_dram.ram_reg_0_15_3_3,
i_system_wrapper/system_i/rx_fir_decimator/fir_decimation_0/U0/i_synth/g_polyphase_decimation.i_polyphase_decimation/g_parallel.g_paths[0].g_symmetric.i_data_wrap_buff/i_phase_mem/gen_dram.ram_reg_0_15_4_4
i_system_wrapper/system_i/rx_fir_decimator/fir_decimation_0/U0/i_synth/g_polyphase_decimation.i_polyphase_decimation/g_parallel.g_paths[0].g_symmetric.i_data_wrap_buff/i_phase_mem/gen_dram.ram_reg_0_15_5_5
Related violations: <none>

RTGT-1#2 Advisory
RAM retargeting possibility  
Identified 12 RAM32X1D primitives that could be retargeted to RAM32M. Retargeting will save approximately 4 memory LUTs and improve routability. These can usually be achieved using synthesis inference or XPMs. The memories are i_system_wrapper/system_i/rx_fir_decimator/fir_decimation_1/U0/i_synth/g_polyphase_decimation.i_polyphase_decimation/g_parallel.g_paths[0].g_symmetric.i_data_wrap_buff/i_phase_mem/gen_dram.ram_reg_0_15_0_0,
i_system_wrapper/system_i/rx_fir_decimator/fir_decimation_1/U0/i_synth/g_polyphase_decimation.i_polyphase_decimation/g_parallel.g_paths[0].g_symmetric.i_data_wrap_buff/i_phase_mem/gen_dram.ram_reg_0_15_10_10,
i_system_wrapper/system_i/rx_fir_decimator/fir_decimation_1/U0/i_synth/g_polyphase_decimation.i_polyphase_decimation/g_parallel.g_paths[0].g_symmetric.i_data_wrap_buff/i_phase_mem/gen_dram.ram_reg_0_15_11_11,
i_system_wrapper/system_i/rx_fir_decimator/fir_decimation_1/U0/i_synth/g_polyphase_decimation.i_polyphase_decimation/g_parallel.g_paths[0].g_symmetric.i_data_wrap_buff/i_phase_mem/gen_dram.ram_reg_0_15_12_12,
i_system_wrapper/system_i/rx_fir_decimator/fir_decimation_1/U0/i_synth/g_polyphase_decimation.i_polyphase_decimation/g_parallel.g_paths[0].g_symmetric.i_data_wrap_buff/i_phase_mem/gen_dram.ram_reg_0_15_13_13,
i_system_wrapper/system_i/rx_fir_decimator/fir_decimation_1/U0/i_synth/g_polyphase_decimation.i_polyphase_decimation/g_parallel.g_paths[0].g_symmetric.i_data_wrap_buff/i_phase_mem/gen_dram.ram_reg_0_15_14_14,
i_system_wrapper/system_i/rx_fir_decimator/fir_decimation_1/U0/i_synth/g_polyphase_decimation.i_polyphase_decimation/g_parallel.g_paths[0].g_symmetric.i_data_wrap_buff/i_phase_mem/gen_dram.ram_reg_0_15_15_15,
i_system_wrapper/system_i/rx_fir_decimator/fir_decimation_1/U0/i_synth/g_polyphase_decimation.i_polyphase_decimation/g_parallel.g_paths[0].g_symmetric.i_data_wrap_buff/i_phase_mem/gen_dram.ram_reg_0_15_1_1,
i_system_wrapper/system_i/rx_fir_decimator/fir_decimation_1/U0/i_synth/g_polyphase_decimation.i_polyphase_decimation/g_parallel.g_paths[0].g_symmetric.i_data_wrap_buff/i_phase_mem/gen_dram.ram_reg_0_15_2_2,
i_system_wrapper/system_i/rx_fir_decimator/fir_decimation_1/U0/i_synth/g_polyphase_decimation.i_polyphase_decimation/g_parallel.g_paths[0].g_symmetric.i_data_wrap_buff/i_phase_mem/gen_dram.ram_reg_0_15_3_3,
i_system_wrapper/system_i/rx_fir_decimator/fir_decimation_1/U0/i_synth/g_polyphase_decimation.i_polyphase_decimation/g_parallel.g_paths[0].g_symmetric.i_data_wrap_buff/i_phase_mem/gen_dram.ram_reg_0_15_4_4
i_system_wrapper/system_i/rx_fir_decimator/fir_decimation_1/U0/i_synth/g_polyphase_decimation.i_polyphase_decimation/g_parallel.g_paths[0].g_symmetric.i_data_wrap_buff/i_phase_mem/gen_dram.ram_reg_0_15_5_5
Related violations: <none>

RTGT-1#3 Advisory
RAM retargeting possibility  
Identified 12 RAM32X1D primitives that could be retargeted to RAM32M. Retargeting will save approximately 4 memory LUTs and improve routability. These can usually be achieved using synthesis inference or XPMs. The memories are i_system_wrapper/system_i/tx_fir_interpolator/fir_interpolation_0/U0/i_synth/g_polyphase_interpolation.i_polyphase_interpolation/g_opbuff.i_buffer/gen_dram.ram_reg_0_15_10_10,
i_system_wrapper/system_i/tx_fir_interpolator/fir_interpolation_0/U0/i_synth/g_polyphase_interpolation.i_polyphase_interpolation/g_opbuff.i_buffer/gen_dram.ram_reg_0_15_11_11,
i_system_wrapper/system_i/tx_fir_interpolator/fir_interpolation_0/U0/i_synth/g_polyphase_interpolation.i_polyphase_interpolation/g_opbuff.i_buffer/gen_dram.ram_reg_0_15_12_12,
i_system_wrapper/system_i/tx_fir_interpolator/fir_interpolation_0/U0/i_synth/g_polyphase_interpolation.i_polyphase_interpolation/g_opbuff.i_buffer/gen_dram.ram_reg_0_15_13_13,
i_system_wrapper/system_i/tx_fir_interpolator/fir_interpolation_0/U0/i_synth/g_polyphase_interpolation.i_polyphase_interpolation/g_opbuff.i_buffer/gen_dram.ram_reg_0_15_14_14,
i_system_wrapper/system_i/tx_fir_interpolator/fir_interpolation_0/U0/i_synth/g_polyphase_interpolation.i_polyphase_interpolation/g_opbuff.i_buffer/gen_dram.ram_reg_0_15_15_15,
i_system_wrapper/system_i/tx_fir_interpolator/fir_interpolation_0/U0/i_synth/g_polyphase_interpolation.i_polyphase_interpolation/g_opbuff.i_buffer/gen_dram.ram_reg_0_15_4_4,
i_system_wrapper/system_i/tx_fir_interpolator/fir_interpolation_0/U0/i_synth/g_polyphase_interpolation.i_polyphase_interpolation/g_opbuff.i_buffer/gen_dram.ram_reg_0_15_5_5,
i_system_wrapper/system_i/tx_fir_interpolator/fir_interpolation_0/U0/i_synth/g_polyphase_interpolation.i_polyphase_interpolation/g_opbuff.i_buffer/gen_dram.ram_reg_0_15_6_6,
i_system_wrapper/system_i/tx_fir_interpolator/fir_interpolation_0/U0/i_synth/g_polyphase_interpolation.i_polyphase_interpolation/g_opbuff.i_buffer/gen_dram.ram_reg_0_15_7_7,
i_system_wrapper/system_i/tx_fir_interpolator/fir_interpolation_0/U0/i_synth/g_polyphase_interpolation.i_polyphase_interpolation/g_opbuff.i_buffer/gen_dram.ram_reg_0_15_8_8
i_system_wrapper/system_i/tx_fir_interpolator/fir_interpolation_0/U0/i_synth/g_polyphase_interpolation.i_polyphase_interpolation/g_opbuff.i_buffer/gen_dram.ram_reg_0_15_9_9
Related violations: <none>

RTGT-1#4 Advisory
RAM retargeting possibility  
Identified 12 RAM32X1D primitives that could be retargeted to RAM32M. Retargeting will save approximately 4 memory LUTs and improve routability. These can usually be achieved using synthesis inference or XPMs. The memories are i_system_wrapper/system_i/tx_fir_interpolator/fir_interpolation_1/U0/i_synth/g_polyphase_interpolation.i_polyphase_interpolation/g_opbuff.i_buffer/gen_dram.ram_reg_0_15_10_10,
i_system_wrapper/system_i/tx_fir_interpolator/fir_interpolation_1/U0/i_synth/g_polyphase_interpolation.i_polyphase_interpolation/g_opbuff.i_buffer/gen_dram.ram_reg_0_15_11_11,
i_system_wrapper/system_i/tx_fir_interpolator/fir_interpolation_1/U0/i_synth/g_polyphase_interpolation.i_polyphase_interpolation/g_opbuff.i_buffer/gen_dram.ram_reg_0_15_12_12,
i_system_wrapper/system_i/tx_fir_interpolator/fir_interpolation_1/U0/i_synth/g_polyphase_interpolation.i_polyphase_interpolation/g_opbuff.i_buffer/gen_dram.ram_reg_0_15_13_13,
i_system_wrapper/system_i/tx_fir_interpolator/fir_interpolation_1/U0/i_synth/g_polyphase_interpolation.i_polyphase_interpolation/g_opbuff.i_buffer/gen_dram.ram_reg_0_15_14_14,
i_system_wrapper/system_i/tx_fir_interpolator/fir_interpolation_1/U0/i_synth/g_polyphase_interpolation.i_polyphase_interpolation/g_opbuff.i_buffer/gen_dram.ram_reg_0_15_15_15,
i_system_wrapper/system_i/tx_fir_interpolator/fir_interpolation_1/U0/i_synth/g_polyphase_interpolation.i_polyphase_interpolation/g_opbuff.i_buffer/gen_dram.ram_reg_0_15_4_4,
i_system_wrapper/system_i/tx_fir_interpolator/fir_interpolation_1/U0/i_synth/g_polyphase_interpolation.i_polyphase_interpolation/g_opbuff.i_buffer/gen_dram.ram_reg_0_15_5_5,
i_system_wrapper/system_i/tx_fir_interpolator/fir_interpolation_1/U0/i_synth/g_polyphase_interpolation.i_polyphase_interpolation/g_opbuff.i_buffer/gen_dram.ram_reg_0_15_6_6,
i_system_wrapper/system_i/tx_fir_interpolator/fir_interpolation_1/U0/i_synth/g_polyphase_interpolation.i_polyphase_interpolation/g_opbuff.i_buffer/gen_dram.ram_reg_0_15_7_7,
i_system_wrapper/system_i/tx_fir_interpolator/fir_interpolation_1/U0/i_synth/g_polyphase_interpolation.i_polyphase_interpolation/g_opbuff.i_buffer/gen_dram.ram_reg_0_15_8_8
i_system_wrapper/system_i/tx_fir_interpolator/fir_interpolation_1/U0/i_synth/g_polyphase_interpolation.i_polyphase_interpolation/g_opbuff.i_buffer/gen_dram.ram_reg_0_15_9_9
Related violations: <none>


